Watching for file changes with StatReloader
System check identified some issues:

WARNINGS:
todos.Todo: (models.W042) Auto-created primary key used when not defining a primary key type, by default 'django.db.models.AutoField'.
	HINT: Configure the DEFAULT_AUTO_FIELD setting or the TodosConfig.default_auto_field attribute to point to a subclass of AutoField, e.g. 'django.db.models.BigAutoField'.

System check identified 1 issue (0 silenced).
[24/Aug/2024 15:57:15] "GET /todos/ HTTP/1.1" 200 3515
[24/Aug/2024 15:57:16] "GET /static/css/style.css HTTP/1.1" 304 0
Performing system checks...

August 24, 2024 - 15:57:06
Django version 5.1, using settings 'todoApp.settings'
Starting development server at http://0.0.0.0:8000/
Quit the server with CONTROL-C.

Watching for file changes with StatReloader
System check identified some issues:

WARNINGS:
todos.Todo: (models.W042) Auto-created primary key used when not defining a primary key type, by default 'django.db.models.AutoField'.
	HINT: Configure the DEFAULT_AUTO_FIELD setting or the TodosConfig.default_auto_field attribute to point to a subclass of AutoField, e.g. 'django.db.models.BigAutoField'.

System check identified 1 issue (0 silenced).
Performing system checks...

August 24, 2024 - 15:58:12
Django version 5.1, using settings 'todoApp.settings'
Starting development server at http://0.0.0.0:8000/
Quit the server with CONTROL-C.

Watching for file changes with StatReloader
System check identified some issues:

WARNINGS:
todos.Todo: (models.W042) Auto-created primary key used when not defining a primary key type, by default 'django.db.models.AutoField'.
	HINT: Configure the DEFAULT_AUTO_FIELD setting or the TodosConfig.default_auto_field attribute to point to a subclass of AutoField, e.g. 'django.db.models.BigAutoField'.

System check identified 1 issue (0 silenced).
[24/Aug/2024 15:58:47] "GET /todos/ HTTP/1.1" 200 3515
[24/Aug/2024 15:58:48] "GET /static/css/style.css HTTP/1.1" 304 0
[24/Aug/2024 16:36:22] "GET /todos/ HTTP/1.1" 200 3515
[24/Aug/2024 16:36:22] "GET /static/css/style.css HTTP/1.1" 304 0
[24/Aug/2024 16:37:29] "GET /todos/ HTTP/1.1" 200 3515
[24/Aug/2024 16:37:56] "GET /todos/ HTTP/1.1" 200 3515
[24/Aug/2024 16:37:57] "GET /todos/ HTTP/1.1" 200 3515
[24/Aug/2024 16:37:58] "GET /todos/ HTTP/1.1" 200 3515
[24/Aug/2024 16:37:58] "GET /todos/ HTTP/1.1" 200 3515
[24/Aug/2024 16:37:58] "GET /todos/ HTTP/1.1" 200 3515
[24/Aug/2024 16:37:59] "GET /todos/ HTTP/1.1" 200 3515
[24/Aug/2024 16:37:59] "GET /todos/ HTTP/1.1" 200 3515
[24/Aug/2024 16:37:59] "GET /todos/ HTTP/1.1" 200 3515
[24/Aug/2024 16:37:59] "GET /todos/ HTTP/1.1" 200 3515
[24/Aug/2024 16:48:07] "GET /todos/ HTTP/1.1" 200 3515
[24/Aug/2024 16:48:07] "GET /static/css/style.css HTTP/1.1" 304 0
[24/Aug/2024 16:51:08] "POST /todos/add/ HTTP/1.1" 302 0
[24/Aug/2024 16:51:09] "GET /todos/ HTTP/1.1" 200 4109
[24/Aug/2024 16:51:13] "GET /todos/2/delete HTTP/1.1" 302 0
[24/Aug/2024 16:51:13] "GET /todos/ HTTP/1.1" 200 3517
[24/Aug/2024 16:51:43] "POST /todos/add/ HTTP/1.1" 302 0
[24/Aug/2024 16:51:43] "GET /todos/ HTTP/1.1" 200 4110
[24/Aug/2024 16:51:47] "GET /todos/3/delete HTTP/1.1" 302 0
[24/Aug/2024 16:51:47] "GET /todos/ HTTP/1.1" 200 3515
